 
[Tue 04/28/2026 14:02:55.74] START.bat invoked 
[Tue 04/28/2026 14:02:56.77] Toolchain OK 
[Tue 04/28/2026 14:02:56.78] Docker not found 
Requirement already satisfied: numpy>=1.21.0 in C:\Users\ibenmadi\AppData\Local\Python\pythoncore-3.14-64\Lib\site-packages (from -r requirements.txt (line 1)) (2.4.4)
Requirement already satisfied: pandas>=1.3.0 in C:\Users\ibenmadi\AppData\Local\Python\pythoncore-3.14-64\Lib\site-packages (from -r requirements.txt (line 2)) (3.0.2)
Requirement already satisfied: matplotlib>=3.4.0 in C:\Users\ibenmadi\AppData\Local\Python\pythoncore-3.14-64\Lib\site-packages (from -r requirements.txt (line 3)) (3.10.9)
Requirement already satisfied: torch>=1.10.0 in C:\Users\ibenmadi\AppData\Local\Python\pythoncore-3.14-64\Lib\site-packages (from -r requirements.txt (line 4)) (2.11.0)
Requirement already satisfied: simpy>=4.0.0 in C:\Users\ibenmadi\AppData\Local\Python\pythoncore-3.14-64\Lib\site-packages (from -r requirements.txt (line 5)) (4.1.1)
Requirement already satisfied: pymoo>=0.5.0 in C:\Users\ibenmadi\AppData\Local\Python\pythoncore-3.14-64\Lib\site-packages (from -r requirements.txt (line 6)) (0.6.1.6)
Requirement already satisfied: gymnasium>=0.26.0 in C:\Users\ibenmadi\AppData\Local\Python\pythoncore-3.14-64\Lib\site-packages (from -r requirements.txt (line 7)) (1.3.0)
Requirement already satisfied: tqdm>=4.62.0 in C:\Users\ibenmadi\AppData\Local\Python\pythoncore-3.14-64\Lib\site-packages (from -r requirements.txt (line 8)) (4.67.3)
Requirement already satisfied: plotly>=5.17.0 in C:\Users\ibenmadi\AppData\Local\Python\pythoncore-3.14-64\Lib\site-packages (from -r requirements.txt (line 9)) (6.7.0)
Requirement already satisfied: flask>=2.3.0 in C:\Users\ibenmadi\AppData\Local\Python\pythoncore-3.14-64\Lib\site-packages (from -r requirements.txt (line 10)) (3.1.3)
Requirement already satisfied: flask-cors>=4.0.0 in C:\Users\ibenmadi\AppData\Local\Python\pythoncore-3.14-64\Lib\site-packages (from -r requirements.txt (line 11)) (6.0.2)
Requirement already satisfied: websockets>=11.0 in C:\Users\ibenmadi\AppData\Local\Python\pythoncore-3.14-64\Lib\site-packages (from -r requirements.txt (line 12)) (16.0)
Requirement already satisfied: nats-py>=2.3.0 in C:\Users\ibenmadi\AppData\Local\Python\pythoncore-3.14-64\Lib\site-packages (from -r requirements.txt (line 13)) (2.14.0)
Requirement already satisfied: paho-mqtt>=1.7.0 in C:\Users\ibenmadi\AppData\Local\Python\pythoncore-3.14-64\Lib\site-packages (from -r requirements.txt (line 14)) (2.1.0)
Requirement already satisfied: cryptography>=41.0.0 in C:\Users\ibenmadi\AppData\Local\Python\pythoncore-3.14-64\Lib\site-packages (from -r requirements.txt (line 15)) (47.0.0)
Requirement already satisfied: pydantic>=2.0.0 in C:\Users\ibenmadi\AppData\Local\Python\pythoncore-3.14-64\Lib\site-packages (from -r requirements.txt (line 16)) (2.13.3)
Requirement already satisfied: redis>=5.0.0 in C:\Users\ibenmadi\AppData\Local\Python\pythoncore-3.14-64\Lib\site-packages (from -r requirements.txt (line 17)) (7.4.0)
Requirement already satisfied: psycopg2-binary>=2.9.9 in C:\Users\ibenmadi\AppData\Local\Python\pythoncore-3.14-64\Lib\site-packages (from -r requirements.txt (line 18)) (2.9.12)
Requirement already satisfied: python-dateutil>=2.8.2 in C:\Users\ibenmadi\AppData\Local\Python\pythoncore-3.14-64\Lib\site-packages (from pandas>=1.3.0->-r requirements.txt (line 2)) (2.9.0.post0)
Requirement already satisfied: tzdata in C:\Users\ibenmadi\AppData\Local\Python\pythoncore-3.14-64\Lib\site-packages (from pandas>=1.3.0->-r requirements.txt (line 2)) (2026.2)
Requirement already satisfied: contourpy>=1.0.1 in C:\Users\ibenmadi\AppData\Local\Python\pythoncore-3.14-64\Lib\site-packages (from matplotlib>=3.4.0->-r requirements.txt (line 3)) (1.3.3)
Requirement already satisfied: cycler>=0.10 in C:\Users\ibenmadi\AppData\Local\Python\pythoncore-3.14-64\Lib\site-packages (from matplotlib>=3.4.0->-r requirements.txt (line 3)) (0.12.1)
Requirement already satisfied: fonttools>=4.22.0 in C:\Users\ibenmadi\AppData\Local\Python\pythoncore-3.14-64\Lib\site-packages (from matplotlib>=3.4.0->-r requirements.txt (line 3)) (4.62.1)
Requirement already satisfied: kiwisolver>=1.3.1 in C:\Users\ibenmadi\AppData\Local\Python\pythoncore-3.14-64\Lib\site-packages (from matplotlib>=3.4.0->-r requirements.txt (line 3)) (1.5.0)
Requirement already satisfied: packaging>=20.0 in C:\Users\ibenmadi\AppData\Local\Python\pythoncore-3.14-64\Lib\site-packages (from matplotlib>=3.4.0->-r requirements.txt (line 3)) (26.2)
Requirement already satisfied: pillow>=8 in C:\Users\ibenmadi\AppData\Local\Python\pythoncore-3.14-64\Lib\site-packages (from matplotlib>=3.4.0->-r requirements.txt (line 3)) (12.2.0)
Requirement already satisfied: pyparsing>=3 in C:\Users\ibenmadi\AppData\Local\Python\pythoncore-3.14-64\Lib\site-packages (from matplotlib>=3.4.0->-r requirements.txt (line 3)) (3.3.2)
Requirement already satisfied: filelock in C:\Users\ibenmadi\AppData\Local\Python\pythoncore-3.14-64\Lib\site-packages (from torch>=1.10.0->-r requirements.txt (line 4)) (3.29.0)
Requirement already satisfied: typing-extensions>=4.10.0 in C:\Users\ibenmadi\AppData\Local\Python\pythoncore-3.14-64\Lib\site-packages (from torch>=1.10.0->-r requirements.txt (line 4)) (4.15.0)
Requirement already satisfied: setuptools<82 in C:\Users\ibenmadi\AppData\Local\Python\pythoncore-3.14-64\Lib\site-packages (from torch>=1.10.0->-r requirements.txt (line 4)) (81.0.0)
Requirement already satisfied: sympy>=1.13.3 in C:\Users\ibenmadi\AppData\Local\Python\pythoncore-3.14-64\Lib\site-packages (from torch>=1.10.0->-r requirements.txt (line 4)) (1.14.0)
Requirement already satisfied: networkx>=2.5.1 in C:\Users\ibenmadi\AppData\Local\Python\pythoncore-3.14-64\Lib\site-packages (from torch>=1.10.0->-r requirements.txt (line 4)) (3.6.1)
Requirement already satisfied: jinja2 in C:\Users\ibenmadi\AppData\Local\Python\pythoncore-3.14-64\Lib\site-packages (from torch>=1.10.0->-r requirements.txt (line 4)) (3.1.6)
Requirement already satisfied: fsspec>=0.8.5 in C:\Users\ibenmadi\AppData\Local\Python\pythoncore-3.14-64\Lib\site-packages (from torch>=1.10.0->-r requirements.txt (line 4)) (2026.3.0)
Requirement already satisfied: scipy>=1.1 in C:\Users\ibenmadi\AppData\Local\Python\pythoncore-3.14-64\Lib\site-packages (from pymoo>=0.5.0->-r requirements.txt (line 6)) (1.17.1)
Requirement already satisfied: moocore>=0.1.7 in C:\Users\ibenmadi\AppData\Local\Python\pythoncore-3.14-64\Lib\site-packages (from pymoo>=0.5.0->-r requirements.txt (line 6)) (0.2.0)
Requirement already satisfied: autograd>=1.4 in C:\Users\ibenmadi\AppData\Local\Python\pythoncore-3.14-64\Lib\site-packages (from pymoo>=0.5.0->-r requirements.txt (line 6)) (1.8.0)
Requirement already satisfied: cma>=3.2.2 in C:\Users\ibenmadi\AppData\Local\Python\pythoncore-3.14-64\Lib\site-packages (from pymoo>=0.5.0->-r requirements.txt (line 6)) (4.4.4)
Requirement already satisfied: alive_progress in C:\Users\ibenmadi\AppData\Local\Python\pythoncore-3.14-64\Lib\site-packages (from pymoo>=0.5.0->-r requirements.txt (line 6)) (3.3.0)
Requirement already satisfied: Deprecated in C:\Users\ibenmadi\AppData\Local\Python\pythoncore-3.14-64\Lib\site-packages (from pymoo>=0.5.0->-r requirements.txt (line 6)) (1.3.1)
Requirement already satisfied: cloudpickle>=1.2.0 in C:\Users\ibenmadi\AppData\Local\Python\pythoncore-3.14-64\Lib\site-packages (from gymnasium>=0.26.0->-r requirements.txt (line 7)) (3.1.2)
Requirement already satisfied: farama-notifications>=0.0.1 in C:\Users\ibenmadi\AppData\Local\Python\pythoncore-3.14-64\Lib\site-packages (from gymnasium>=0.26.0->-r requirements.txt (line 7)) (0.0.6)
Requirement already satisfied: colorama in C:\Users\ibenmadi\AppData\Local\Python\pythoncore-3.14-64\Lib\site-packages (from tqdm>=4.62.0->-r requirements.txt (line 8)) (0.4.6)
Requirement already satisfied: narwhals>=1.15.1 in C:\Users\ibenmadi\AppData\Local\Python\pythoncore-3.14-64\Lib\site-packages (from plotly>=5.17.0->-r requirements.txt (line 9)) (2.20.0)
Requirement already satisfied: blinker>=1.9.0 in C:\Users\ibenmadi\AppData\Local\Python\pythoncore-3.14-64\Lib\site-packages (from flask>=2.3.0->-r requirements.txt (line 10)) (1.9.0)
Requirement already satisfied: click>=8.1.3 in C:\Users\ibenmadi\AppData\Local\Python\pythoncore-3.14-64\Lib\site-packages (from flask>=2.3.0->-r requirements.txt (line 10)) (8.3.3)
Requirement already satisfied: itsdangerous>=2.2.0 in C:\Users\ibenmadi\AppData\Local\Python\pythoncore-3.14-64\Lib\site-packages (from flask>=2.3.0->-r requirements.txt (line 10)) (2.2.0)
Requirement already satisfied: markupsafe>=2.1.1 in C:\Users\ibenmadi\AppData\Local\Python\pythoncore-3.14-64\Lib\site-packages (from flask>=2.3.0->-r requirements.txt (line 10)) (3.0.3)
Requirement already satisfied: werkzeug>=3.1.0 in C:\Users\ibenmadi\AppData\Local\Python\pythoncore-3.14-64\Lib\site-packages (from flask>=2.3.0->-r requirements.txt (line 10)) (3.1.8)
Requirement already satisfied: cffi>=2.0.0 in C:\Users\ibenmadi\AppData\Local\Python\pythoncore-3.14-64\Lib\site-packages (from cryptography>=41.0.0->-r requirements.txt (line 15)) (2.0.0)
Requirement already satisfied: annotated-types>=0.6.0 in C:\Users\ibenmadi\AppData\Local\Python\pythoncore-3.14-64\Lib\site-packages (from pydantic>=2.0.0->-r requirements.txt (line 16)) (0.7.0)
Requirement already satisfied: pydantic-core==2.46.3 in C:\Users\ibenmadi\AppData\Local\Python\pythoncore-3.14-64\Lib\site-packages (from pydantic>=2.0.0->-r requirements.txt (line 16)) (2.46.3)
Requirement already satisfied: typing-inspection>=0.4.2 in C:\Users\ibenmadi\AppData\Local\Python\pythoncore-3.14-64\Lib\site-packages (from pydantic>=2.0.0->-r requirements.txt (line 16)) (0.4.2)
Requirement already satisfied: pycparser in C:\Users\ibenmadi\AppData\Local\Python\pythoncore-3.14-64\Lib\site-packages (from cffi>=2.0.0->cryptography>=41.0.0->-r requirements.txt (line 15)) (3.0)
Requirement already satisfied: platformdirs in C:\Users\ibenmadi\AppData\Local\Python\pythoncore-3.14-64\Lib\site-packages (from moocore>=0.1.7->pymoo>=0.5.0->-r requirements.txt (line 6)) (4.9.6)
Requirement already satisfied: six>=1.5 in C:\Users\ibenmadi\AppData\Local\Python\pythoncore-3.14-64\Lib\site-packages (from python-dateutil>=2.8.2->pandas>=1.3.0->-r requirements.txt (line 2)) (1.17.0)
Requirement already satisfied: mpmath<1.4,>=1.1.0 in C:\Users\ibenmadi\AppData\Local\Python\pythoncore-3.14-64\Lib\site-packages (from sympy>=1.13.3->torch>=1.10.0->-r requirements.txt (line 4)) (1.3.0)
Requirement already satisfied: about-time==4.2.1 in C:\Users\ibenmadi\AppData\Local\Python\pythoncore-3.14-64\Lib\site-packages (from alive_progress->pymoo>=0.5.0->-r requirements.txt (line 6)) (4.2.1)
Requirement already satisfied: graphemeu==0.7.2 in C:\Users\ibenmadi\AppData\Local\Python\pythoncore-3.14-64\Lib\site-packages (from alive_progress->pymoo>=0.5.0->-r requirements.txt (line 6)) (0.7.2)
Requirement already satisfied: wrapt<3,>=1.10 in C:\Users\ibenmadi\AppData\Local\Python\pythoncore-3.14-64\Lib\site-packages (from Deprecated->pymoo>=0.5.0->-r requirements.txt (line 6)) (2.1.2)

[notice] A new release of pip is available: 26.0.1 -> 26.1
[notice] To update, run: C:\Users\ibenmadi\AppData\Local\Python\pythoncore-3.14-64\python.exe -m pip install --upgrade pip
