2026-04-28 14:16:52,331 | INFO | {"timestamp": "2026-04-28T14:16:50.303538", "event": "contract_event_published", "simulationTime": 42.0, "topic": "task_completed", "eventType": "task_completed", "eventId": "task_completed:V046-T0042-35"}
2026-04-28 14:16:54,346 | INFO | {"timestamp": "2026-04-28T14:16:52.334062", "event": "contract_event_published", "simulationTime": 42.0, "topic": "vehicle_task_submitted", "eventType": "vehicle_task_submitted", "eventId": "vehicle_task_submitted:V011-T0042-36"}
2026-04-28 14:16:56,364 | INFO | {"timestamp": "2026-04-28T14:16:54.346956", "event": "contract_event_published", "simulationTime": 42.0, "topic": "fog_decision_made", "eventType": "fog_decision_made", "eventId": "fog_decision_made:V011-T0042-36:2"}
2026-04-28 14:16:58,393 | INFO | {"timestamp": "2026-04-28T14:16:56.366021", "event": "contract_event_published", "simulationTime": 42.0, "topic": "fog_decision_made", "eventType": "fog_decision_made", "eventId": "fog_decision_made:V011-T0042-36:3"}
2026-04-28 14:17:00,406 | INFO | {"timestamp": "2026-04-28T14:16:58.393968", "event": "contract_event_published", "simulationTime": 42.0, "topic": "fog_decision_made", "eventType": "fog_decision_made", "eventId": "fog_decision_made:V011-T0042-36:4"}
2026-04-28 14:17:02,431 | INFO | {"timestamp": "2026-04-28T14:17:00.407155", "event": "contract_event_published", "simulationTime": 42.0, "topic": "cloud_forwarded", "eventType": "cloud_forwarded", "eventId": "cloud_forwarded:V011-T0042-36-S4"}
2026-04-28 14:17:08,501 | INFO | {"timestamp": "2026-04-28T14:17:06.481341", "event": "contract_event_published", "simulationTime": 42.0, "topic": "task_completed", "eventType": "task_completed", "eventId": "task_completed:V011-T0042-36"}
2026-04-28 14:17:10,513 | INFO | {"timestamp": "2026-04-28T14:17:08.501640", "event": "contract_event_published", "simulationTime": 42.0, "topic": "vehicle_task_submitted", "eventType": "vehicle_task_submitted", "eventId": "vehicle_task_submitted:V040-T0042-37"}
2026-04-28 14:17:12,521 | INFO | {"timestamp": "2026-04-28T14:17:10.514115", "event": "contract_event_published", "simulationTime": 42.0, "topic": "fog_decision_made", "eventType": "fog_decision_made", "eventId": "fog_decision_made:V040-T0042-37:2"}
2026-04-28 14:17:14,540 | INFO | {"timestamp": "2026-04-28T14:17:12.522871", "event": "contract_event_published", "simulationTime": 42.0, "topic": "fog_decision_made", "eventType": "fog_decision_made", "eventId": "fog_decision_made:V040-T0042-37:3"}
2026-04-28 14:17:16,559 | INFO | {"timestamp": "2026-04-28T14:17:14.541554", "event": "contract_event_published", "simulationTime": 42.0, "topic": "fog_decision_made", "eventType": "fog_decision_made", "eventId": "fog_decision_made:V040-T0042-37:4"}
2026-04-28 14:17:22,635 | INFO | {"timestamp": "2026-04-28T14:17:20.605382", "event": "contract_event_published", "simulationTime": 42.0, "topic": "task_completed", "eventType": "task_completed", "eventId": "task_completed:V040-T0042-37"}
2026-04-28 14:17:24,647 | INFO | {"timestamp": "2026-04-28T14:17:22.636207", "event": "contract_event_published", "simulationTime": 42.0, "topic": "vehicle_task_submitted", "eventType": "vehicle_task_submitted", "eventId": "vehicle_task_submitted:V000-T0042-38"}
2026-04-28 14:17:26,672 | INFO | {"timestamp": "2026-04-28T14:17:24.648160", "event": "contract_event_published", "simulationTime": 42.0, "topic": "fog_decision_made", "eventType": "fog_decision_made", "eventId": "fog_decision_made:V000-T0042-38:2"}
2026-04-28 14:17:28,680 | INFO | {"timestamp": "2026-04-28T14:17:26.672495", "event": "contract_event_published", "simulationTime": 42.0, "topic": "fog_decision_made", "eventType": "fog_decision_made", "eventId": "fog_decision_made:V000-T0042-38:3"}
2026-04-28 14:17:30,686 | INFO | {"timestamp": "2026-04-28T14:17:28.681623", "event": "contract_event_published", "simulationTime": 42.0, "topic": "fog_decision_made", "eventType": "fog_decision_made", "eventId": "fog_decision_made:V000-T0042-38:4"}
2026-04-28 14:17:32,698 | INFO | {"timestamp": "2026-04-28T14:17:30.687537", "event": "contract_event_published", "simulationTime": 42.0, "topic": "cloud_forwarded", "eventType": "cloud_forwarded", "eventId": "cloud_forwarded:V000-T0042-38-S4"}
2026-04-28 14:17:38,780 | INFO | {"timestamp": "2026-04-28T14:17:36.755367", "event": "contract_event_published", "simulationTime": 42.0, "topic": "task_completed", "eventType": "task_completed", "eventId": "task_completed:V000-T0042-38"}
2026-04-28 14:17:40,793 | INFO | {"timestamp": "2026-04-28T14:17:38.780933", "event": "contract_event_published", "simulationTime": 42.0, "topic": "vehicle_task_submitted", "eventType": "vehicle_task_submitted", "eventId": "vehicle_task_submitted:V015-T0042-39"}
2026-04-28 14:17:42,820 | INFO | {"timestamp": "2026-04-28T14:17:40.793847", "event": "contract_event_published", "simulationTime": 42.0, "topic": "fog_decision_made", "eventType": "fog_decision_made", "eventId": "fog_decision_made:V015-T0042-39:2"}
2026-04-28 14:17:44,844 | INFO | {"timestamp": "2026-04-28T14:17:42.822029", "event": "contract_event_published", "simulationTime": 42.0, "topic": "handoff_triggered", "eventType": "handoff_triggered", "eventId": "handoff_triggered:V015-T0042-39:2"}
2026-04-28 14:17:46,873 | INFO | {"timestamp": "2026-04-28T14:17:44.844678", "event": "contract_event_published", "simulationTime": 42.0, "topic": "fog_decision_made", "eventType": "fog_decision_made", "eventId": "fog_decision_made:V015-T0042-39:3"}
2026-04-28 14:17:48,881 | INFO | {"timestamp": "2026-04-28T14:17:46.874289", "event": "contract_event_published", "simulationTime": 42.0, "topic": "handoff_triggered", "eventType": "handoff_triggered", "eventId": "handoff_triggered:V015-T0042-39:3"}
2026-04-28 14:17:50,905 | INFO | {"timestamp": "2026-04-28T14:17:48.882130", "event": "contract_event_published", "simulationTime": 42.0, "topic": "fog_decision_made", "eventType": "fog_decision_made", "eventId": "fog_decision_made:V015-T0042-39:4"}
2026-04-28 14:17:52,931 | INFO | {"timestamp": "2026-04-28T14:17:50.906232", "event": "contract_event_published", "simulationTime": 42.0, "topic": "cloud_forwarded", "eventType": "cloud_forwarded", "eventId": "cloud_forwarded:V015-T0042-39-S4"}
2026-04-28 14:17:59,108 | INFO | {"timestamp": "2026-04-28T14:17:57.093971", "event": "contract_event_published", "simulationTime": 42.0, "topic": "task_completed", "eventType": "task_completed", "eventId": "task_completed:V015-T0042-39"}
2026-04-28 14:18:05,287 | INFO | {"timestamp": "2026-04-28T14:18:03.270745", "event": "contract_event_published", "simulationTime": 43.0, "topic": "vehicle_task_submitted", "eventType": "vehicle_task_submitted", "eventId": "vehicle_task_submitted:V039-T0043-00"}
2026-04-28 14:18:07,297 | INFO | {"timestamp": "2026-04-28T14:18:05.288079", "event": "contract_event_published", "simulationTime": 43.0, "topic": "fog_decision_made", "eventType": "fog_decision_made", "eventId": "fog_decision_made:V039-T0043-00:2"}
2026-04-28 14:18:09,318 | INFO | {"timestamp": "2026-04-28T14:18:07.298938", "event": "contract_event_published", "simulationTime": 43.0, "topic": "fog_decision_made", "eventType": "fog_decision_made", "eventId": "fog_decision_made:V039-T0043-00:3"}
2026-04-28 14:18:11,340 | INFO | {"timestamp": "2026-04-28T14:18:09.319510", "event": "contract_event_published", "simulationTime": 43.0, "topic": "handoff_triggered", "eventType": "handoff_triggered", "eventId": "handoff_triggered:V039-T0043-00:3"}
2026-04-28 14:18:13,360 | INFO | {"timestamp": "2026-04-28T14:18:11.341114", "event": "contract_event_published", "simulationTime": 43.0, "topic": "fog_decision_made", "eventType": "fog_decision_made", "eventId": "fog_decision_made:V039-T0043-00:4"}
2026-04-28 14:18:15,388 | INFO | {"timestamp": "2026-04-28T14:18:13.361063", "event": "contract_event_published", "simulationTime": 43.0, "topic": "cloud_forwarded", "eventType": "cloud_forwarded", "eventId": "cloud_forwarded:V039-T0043-00-S4"}
2026-04-28 14:18:21,480 | INFO | {"timestamp": "2026-04-28T14:18:19.453997", "event": "contract_event_published", "simulationTime": 43.0, "topic": "task_completed", "eventType": "task_completed", "eventId": "task_completed:V039-T0043-00"}
2026-04-28 14:18:23,500 | INFO | {"timestamp": "2026-04-28T14:18:21.480750", "event": "contract_event_published", "simulationTime": 43.0, "topic": "vehicle_task_submitted", "eventType": "vehicle_task_submitted", "eventId": "vehicle_task_submitted:V013-T0043-01"}
2026-04-28 14:18:25,529 | INFO | {"timestamp": "2026-04-28T14:18:23.501114", "event": "contract_event_published", "simulationTime": 43.0, "topic": "fog_decision_made", "eventType": "fog_decision_made", "eventId": "fog_decision_made:V013-T0043-01:2"}
2026-04-28 14:18:27,555 | INFO | {"timestamp": "2026-04-28T14:18:25.529996", "event": "contract_event_published", "simulationTime": 43.0, "topic": "fog_decision_made", "eventType": "fog_decision_made", "eventId": "fog_decision_made:V013-T0043-01:3"}
2026-04-28 14:18:29,586 | INFO | {"timestamp": "2026-04-28T14:18:27.556149", "event": "contract_event_published", "simulationTime": 43.0, "topic": "fog_decision_made", "eventType": "fog_decision_made", "eventId": "fog_decision_made:V013-T0043-01:4"}
2026-04-28 14:18:35,676 | INFO | {"timestamp": "2026-04-28T14:18:33.655606", "event": "contract_event_published", "simulationTime": 43.0, "topic": "task_completed", "eventType": "task_completed", "eventId": "task_completed:V013-T0043-01"}
2026-04-28 14:18:37,699 | INFO | {"timestamp": "2026-04-28T14:18:35.676863", "event": "contract_event_published", "simulationTime": 43.0, "topic": "vehicle_task_submitted", "eventType": "vehicle_task_submitted", "eventId": "vehicle_task_submitted:V018-T0043-02"}
2026-04-28 14:18:39,723 | INFO | {"timestamp": "2026-04-28T14:18:37.700057", "event": "contract_event_published", "simulationTime": 43.0, "topic": "fog_decision_made", "eventType": "fog_decision_made", "eventId": "fog_decision_made:V018-T0043-02:2"}
2026-04-28 14:18:41,746 | INFO | {"timestamp": "2026-04-28T14:18:39.724147", "event": "contract_event_published", "simulationTime": 43.0, "topic": "fog_decision_made", "eventType": "fog_decision_made", "eventId": "fog_decision_made:V018-T0043-02:3"}
2026-04-28 14:18:43,765 | INFO | {"timestamp": "2026-04-28T14:18:41.747704", "event": "contract_event_published", "simulationTime": 43.0, "topic": "fog_decision_made", "eventType": "fog_decision_made", "eventId": "fog_decision_made:V018-T0043-02:4"}
2026-04-28 14:18:45,778 | INFO | {"timestamp": "2026-04-28T14:18:43.765994", "event": "contract_event_published", "simulationTime": 43.0, "topic": "cloud_forwarded", "eventType": "cloud_forwarded", "eventId": "cloud_forwarded:V018-T0043-02-S4"}
2026-04-28 14:18:51,868 | INFO | {"timestamp": "2026-04-28T14:18:49.844473", "event": "contract_event_published", "simulationTime": 43.0, "topic": "task_completed", "eventType": "task_completed", "eventId": "task_completed:V018-T0043-02"}
2026-04-28 14:18:53,890 | INFO | {"timestamp": "2026-04-28T14:18:51.869092", "event": "contract_event_published", "simulationTime": 43.0, "topic": "vehicle_task_submitted", "eventType": "vehicle_task_submitted", "eventId": "vehicle_task_submitted:V045-T0043-03"}
2026-04-28 14:18:55,908 | INFO | {"timestamp": "2026-04-28T14:18:53.891236", "event": "contract_event_published", "simulationTime": 43.0, "topic": "fog_decision_made", "eventType": "fog_decision_made", "eventId": "fog_decision_made:V045-T0043-03:2"}
2026-04-28 14:18:57,925 | INFO | {"timestamp": "2026-04-28T14:18:55.909891", "event": "contract_event_published", "simulationTime": 43.0, "topic": "fog_decision_made", "eventType": "fog_decision_made", "eventId": "fog_decision_made:V045-T0043-03:3"}
2026-04-28 14:18:59,940 | INFO | {"timestamp": "2026-04-28T14:18:57.926301", "event": "contract_event_published", "simulationTime": 43.0, "topic": "fog_decision_made", "eventType": "fog_decision_made", "eventId": "fog_decision_made:V045-T0043-03:4"}
2026-04-28 14:19:06,016 | INFO | {"timestamp": "2026-04-28T14:19:03.990461", "event": "contract_event_published", "simulationTime": 43.0, "topic": "task_completed", "eventType": "task_completed", "eventId": "task_completed:V045-T0043-03"}
2026-04-28 14:19:08,044 | INFO | {"timestamp": "2026-04-28T14:19:06.016861", "event": "contract_event_published", "simulationTime": 43.0, "topic": "vehicle_task_submitted", "eventType": "vehicle_task_submitted", "eventId": "vehicle_task_submitted:V002-T0043-04"}
2026-04-28 14:19:10,072 | INFO | {"timestamp": "2026-04-28T14:19:08.045166", "event": "contract_event_published", "simulationTime": 43.0, "topic": "fog_decision_made", "eventType": "fog_decision_made", "eventId": "fog_decision_made:V002-T0043-04:2"}
2026-04-28 14:19:12,089 | INFO | {"timestamp": "2026-04-28T14:19:10.073510", "event": "contract_event_published", "simulationTime": 43.0, "topic": "handoff_triggered", "eventType": "handoff_triggered", "eventId": "handoff_triggered:V002-T0043-04:2"}
2026-04-28 14:19:14,109 | INFO | {"timestamp": "2026-04-28T14:19:12.089654", "event": "contract_event_published", "simulationTime": 43.0, "topic": "fog_decision_made", "eventType": "fog_decision_made", "eventId": "fog_decision_made:V002-T0043-04:3"}
2026-04-28 14:19:16,125 | INFO | {"timestamp": "2026-04-28T14:19:14.110914", "event": "contract_event_published", "simulationTime": 43.0, "topic": "handoff_triggered", "eventType": "handoff_triggered", "eventId": "handoff_triggered:V002-T0043-04:3"}
2026-04-28 14:19:18,148 | INFO | {"timestamp": "2026-04-28T14:19:16.125816", "event": "contract_event_published", "simulationTime": 43.0, "topic": "fog_decision_made", "eventType": "fog_decision_made", "eventId": "fog_decision_made:V002-T0043-04:4"}
2026-04-28 14:19:20,175 | INFO | {"timestamp": "2026-04-28T14:19:18.149313", "event": "contract_event_published", "simulationTime": 43.0, "topic": "cloud_forwarded", "eventType": "cloud_forwarded", "eventId": "cloud_forwarded:V002-T0043-04-S4"}
2026-04-28 14:19:26,389 | INFO | {"timestamp": "2026-04-28T14:19:24.375969", "event": "contract_event_published", "simulationTime": 43.0, "topic": "task_completed", "eventType": "task_completed", "eventId": "task_completed:V002-T0043-04"}
2026-04-28 14:19:28,400 | INFO | {"timestamp": "2026-04-28T14:19:26.389511", "event": "contract_event_published", "simulationTime": 43.0, "topic": "vehicle_task_submitted", "eventType": "vehicle_task_submitted", "eventId": "vehicle_task_submitted:V031-T0043-05"}
2026-04-28 14:19:30,426 | INFO | {"timestamp": "2026-04-28T14:19:28.400425", "event": "contract_event_published", "simulationTime": 43.0, "topic": "fog_decision_made", "eventType": "fog_decision_made", "eventId": "fog_decision_made:V031-T0043-05:2"}
2026-04-28 14:19:32,450 | INFO | {"timestamp": "2026-04-28T14:19:30.427656", "event": "contract_event_published", "simulationTime": 43.0, "topic": "fog_decision_made", "eventType": "fog_decision_made", "eventId": "fog_decision_made:V031-T0043-05:3"}
2026-04-28 14:19:34,467 | INFO | {"timestamp": "2026-04-28T14:19:32.450998", "event": "contract_event_published", "simulationTime": 43.0, "topic": "fog_decision_made", "eventType": "fog_decision_made", "eventId": "fog_decision_made:V031-T0043-05:4"}
2026-04-28 14:19:40,547 | INFO | {"timestamp": "2026-04-28T14:19:38.539673", "event": "contract_event_published", "simulationTime": 43.0, "topic": "task_completed", "eventType": "task_completed", "eventId": "task_completed:V031-T0043-05"}
2026-04-28 14:19:42,573 | INFO | {"timestamp": "2026-04-28T14:19:40.547933", "event": "contract_event_published", "simulationTime": 43.0, "topic": "vehicle_task_submitted", "eventType": "vehicle_task_submitted", "eventId": "vehicle_task_submitted:V017-T0043-06"}
2026-04-28 14:19:44,605 | INFO | {"timestamp": "2026-04-28T14:19:42.574239", "event": "contract_event_published", "simulationTime": 43.0, "topic": "fog_decision_made", "eventType": "fog_decision_made", "eventId": "fog_decision_made:V017-T0043-06:2"}
2026-04-28 14:19:46,634 | INFO | {"timestamp": "2026-04-28T14:19:44.606064", "event": "contract_event_published", "simulationTime": 43.0, "topic": "handoff_triggered", "eventType": "handoff_triggered", "eventId": "handoff_triggered:V017-T0043-06:2"}
2026-04-28 14:19:48,642 | INFO | {"timestamp": "2026-04-28T14:19:46.634708", "event": "contract_event_published", "simulationTime": 43.0, "topic": "fog_decision_made", "eventType": "fog_decision_made", "eventId": "fog_decision_made:V017-T0043-06:3"}
2026-04-28 14:19:50,651 | INFO | {"timestamp": "2026-04-28T14:19:48.643863", "event": "contract_event_published", "simulationTime": 43.0, "topic": "handoff_triggered", "eventType": "handoff_triggered", "eventId": "handoff_triggered:V017-T0043-06:3"}
2026-04-28 14:19:52,670 | INFO | {"timestamp": "2026-04-28T14:19:50.652209", "event": "contract_event_published", "simulationTime": 43.0, "topic": "fog_decision_made", "eventType": "fog_decision_made", "eventId": "fog_decision_made:V017-T0043-06:4"}
2026-04-28 14:19:54,702 | INFO | {"timestamp": "2026-04-28T14:19:52.671083", "event": "contract_event_published", "simulationTime": 43.0, "topic": "cloud_forwarded", "eventType": "cloud_forwarded", "eventId": "cloud_forwarded:V017-T0043-06-S4"}
2026-04-28 14:20:00,795 | INFO | {"timestamp": "2026-04-28T14:19:58.773836", "event": "contract_event_published", "simulationTime": 43.0, "topic": "task_completed", "eventType": "task_completed", "eventId": "task_completed:V017-T0043-06"}
2026-04-28 14:20:02,813 | INFO | {"timestamp": "2026-04-28T14:20:00.795885", "event": "contract_event_published", "simulationTime": 43.0, "topic": "vehicle_task_submitted", "eventType": "vehicle_task_submitted", "eventId": "vehicle_task_submitted:V026-T0043-07"}
2026-04-28 14:20:04,840 | INFO | {"timestamp": "2026-04-28T14:20:02.814154", "event": "contract_event_published", "simulationTime": 43.0, "topic": "fog_decision_made", "eventType": "fog_decision_made", "eventId": "fog_decision_made:V026-T0043-07:2"}
2026-04-28 14:20:06,856 | INFO | {"timestamp": "2026-04-28T14:20:04.841780", "event": "contract_event_published", "simulationTime": 43.0, "topic": "fog_decision_made", "eventType": "fog_decision_made", "eventId": "fog_decision_made:V026-T0043-07:3"}
2026-04-28 14:20:08,876 | INFO | {"timestamp": "2026-04-28T14:20:06.857742", "event": "contract_event_published", "simulationTime": 43.0, "topic": "fog_decision_made", "eventType": "fog_decision_made", "eventId": "fog_decision_made:V026-T0043-07:4"}
2026-04-28 14:20:10,893 | INFO | {"timestamp": "2026-04-28T14:20:08.877552", "event": "contract_event_published", "simulationTime": 43.0, "topic": "cloud_forwarded", "eventType": "cloud_forwarded", "eventId": "cloud_forwarded:V026-T0043-07-S4"}
2026-04-28 14:20:16,957 | INFO | {"timestamp": "2026-04-28T14:20:14.946805", "event": "contract_event_published", "simulationTime": 43.0, "topic": "task_completed", "eventType": "task_completed", "eventId": "task_completed:V026-T0043-07"}
2026-04-28 14:20:18,986 | INFO | {"timestamp": "2026-04-28T14:20:16.957842", "event": "contract_event_published", "simulationTime": 43.0, "topic": "vehicle_task_submitted", "eventType": "vehicle_task_submitted", "eventId": "vehicle_task_submitted:V009-T0043-08"}
2026-04-28 14:20:21,007 | INFO | {"timestamp": "2026-04-28T14:20:18.987166", "event": "contract_event_published", "simulationTime": 43.0, "topic": "fog_decision_made", "eventType": "fog_decision_made", "eventId": "fog_decision_made:V009-T0043-08:2"}
2026-04-28 14:20:23,017 | INFO | {"timestamp": "2026-04-28T14:20:21.009455", "event": "contract_event_published", "simulationTime": 43.0, "topic": "handoff_triggered", "eventType": "handoff_triggered", "eventId": "handoff_triggered:V009-T0043-08:2"}
2026-04-28 14:20:25,023 | INFO | {"timestamp": "2026-04-28T14:20:23.017715", "event": "contract_event_published", "simulationTime": 43.0, "topic": "fog_decision_made", "eventType": "fog_decision_made", "eventId": "fog_decision_made:V009-T0043-08:3"}
2026-04-28 14:20:27,048 | INFO | {"timestamp": "2026-04-28T14:20:25.025039", "event": "contract_event_published", "simulationTime": 43.0, "topic": "handoff_triggered", "eventType": "handoff_triggered", "eventId": "handoff_triggered:V009-T0043-08:3"}
2026-04-28 14:20:29,060 | INFO | {"timestamp": "2026-04-28T14:20:27.048603", "event": "contract_event_published", "simulationTime": 43.0, "topic": "fog_decision_made", "eventType": "fog_decision_made", "eventId": "fog_decision_made:V009-T0043-08:4"}
2026-04-28 14:20:31,081 | INFO | {"timestamp": "2026-04-28T14:20:29.061435", "event": "contract_event_published", "simulationTime": 43.0, "topic": "cloud_forwarded", "eventType": "cloud_forwarded", "eventId": "cloud_forwarded:V009-T0043-08-S4"}
2026-04-28 14:20:37,149 | INFO | {"timestamp": "2026-04-28T14:20:35.129194", "event": "contract_event_published", "simulationTime": 43.0, "topic": "task_completed", "eventType": "task_completed", "eventId": "task_completed:V009-T0043-08"}
2026-04-28 14:20:39,172 | INFO | {"timestamp": "2026-04-28T14:20:37.149718", "event": "contract_event_published", "simulationTime": 43.0, "topic": "vehicle_task_submitted", "eventType": "vehicle_task_submitted", "eventId": "vehicle_task_submitted:V008-T0043-09"}
2026-04-28 14:20:41,194 | INFO | {"timestamp": "2026-04-28T14:20:39.172901", "event": "contract_event_published", "simulationTime": 43.0, "topic": "fog_decision_made", "eventType": "fog_decision_made", "eventId": "fog_decision_made:V008-T0043-09:2"}
2026-04-28 14:20:43,215 | INFO | {"timestamp": "2026-04-28T14:20:41.195200", "event": "contract_event_published", "simulationTime": 43.0, "topic": "handoff_triggered", "eventType": "handoff_triggered", "eventId": "handoff_triggered:V008-T0043-09:2"}
2026-04-28 14:20:45,220 | INFO | {"timestamp": "2026-04-28T14:20:43.215769", "event": "contract_event_published", "simulationTime": 43.0, "topic": "fog_decision_made", "eventType": "fog_decision_made", "eventId": "fog_decision_made:V008-T0043-09:3"}
2026-04-28 14:20:47,235 | INFO | {"timestamp": "2026-04-28T14:20:45.221725", "event": "contract_event_published", "simulationTime": 43.0, "topic": "handoff_triggered", "eventType": "handoff_triggered", "eventId": "handoff_triggered:V008-T0043-09:3"}
2026-04-28 14:20:49,261 | INFO | {"timestamp": "2026-04-28T14:20:47.235886", "event": "contract_event_published", "simulationTime": 43.0, "topic": "fog_decision_made", "eventType": "fog_decision_made", "eventId": "fog_decision_made:V008-T0043-09:4"}
2026-04-28 14:20:51,280 | INFO | {"timestamp": "2026-04-28T14:20:49.262580", "event": "contract_event_published", "simulationTime": 43.0, "topic": "cloud_forwarded", "eventType": "cloud_forwarded", "eventId": "cloud_forwarded:V008-T0043-09-S4"}
2026-04-28 14:20:57,338 | INFO | {"timestamp": "2026-04-28T14:20:55.325739", "event": "contract_event_published", "simulationTime": 43.0, "topic": "task_completed", "eventType": "task_completed", "eventId": "task_completed:V008-T0043-09"}
2026-04-28 14:20:59,353 | INFO | {"timestamp": "2026-04-28T14:20:57.338913", "event": "contract_event_published", "simulationTime": 43.0, "topic": "vehicle_task_submitted", "eventType": "vehicle_task_submitted", "eventId": "vehicle_task_submitted:V028-T0043-10"}
2026-04-28 14:21:01,366 | INFO | {"timestamp": "2026-04-28T14:20:59.353599", "event": "contract_event_published", "simulationTime": 43.0, "topic": "fog_decision_made", "eventType": "fog_decision_made", "eventId": "fog_decision_made:V028-T0043-10:2"}
2026-04-28 14:21:03,387 | INFO | {"timestamp": "2026-04-28T14:21:01.366908", "event": "contract_event_published", "simulationTime": 43.0, "topic": "fog_decision_made", "eventType": "fog_decision_made", "eventId": "fog_decision_made:V028-T0043-10:3"}
2026-04-28 14:21:05,413 | INFO | {"timestamp": "2026-04-28T14:21:03.388658", "event": "contract_event_published", "simulationTime": 43.0, "topic": "fog_decision_made", "eventType": "fog_decision_made", "eventId": "fog_decision_made:V028-T0043-10:4"}
2026-04-28 14:21:11,478 | INFO | {"timestamp": "2026-04-28T14:21:09.465688", "event": "contract_event_published", "simulationTime": 43.0, "topic": "task_completed", "eventType": "task_completed", "eventId": "task_completed:V028-T0043-10"}
2026-04-28 14:21:13,501 | INFO | {"timestamp": "2026-04-28T14:21:11.478411", "event": "contract_event_published", "simulationTime": 43.0, "topic": "vehicle_task_submitted", "eventType": "vehicle_task_submitted", "eventId": "vehicle_task_submitted:V005-T0043-11"}
2026-04-28 14:21:15,516 | INFO | {"timestamp": "2026-04-28T14:21:13.501419", "event": "contract_event_published", "simulationTime": 43.0, "topic": "fog_decision_made", "eventType": "fog_decision_made", "eventId": "fog_decision_made:V005-T0043-11:2"}
2026-04-28 14:21:17,548 | INFO | {"timestamp": "2026-04-28T14:21:15.517807", "event": "contract_event_published", "simulationTime": 43.0, "topic": "handoff_triggered", "eventType": "handoff_triggered", "eventId": "handoff_triggered:V005-T0043-11:2"}
2026-04-28 14:21:19,568 | INFO | {"timestamp": "2026-04-28T14:21:17.548553", "event": "contract_event_published", "simulationTime": 43.0, "topic": "fog_decision_made", "eventType": "fog_decision_made", "eventId": "fog_decision_made:V005-T0043-11:3"}
2026-04-28 14:21:21,591 | INFO | {"timestamp": "2026-04-28T14:21:19.569029", "event": "contract_event_published", "simulationTime": 43.0, "topic": "handoff_triggered", "eventType": "handoff_triggered", "eventId": "handoff_triggered:V005-T0043-11:3"}
2026-04-28 14:21:23,607 | INFO | {"timestamp": "2026-04-28T14:21:21.591558", "event": "contract_event_published", "simulationTime": 43.0, "topic": "fog_decision_made", "eventType": "fog_decision_made", "eventId": "fog_decision_made:V005-T0043-11:4"}
2026-04-28 14:21:25,632 | INFO | {"timestamp": "2026-04-28T14:21:23.608647", "event": "contract_event_published", "simulationTime": 43.0, "topic": "cloud_forwarded", "eventType": "cloud_forwarded", "eventId": "cloud_forwarded:V005-T0043-11-S4"}
2026-04-28 14:21:31,728 | INFO | {"timestamp": "2026-04-28T14:21:29.709116", "event": "contract_event_published", "simulationTime": 43.0, "topic": "task_completed", "eventType": "task_completed", "eventId": "task_completed:V005-T0043-11"}
2026-04-28 14:21:33,742 | INFO | {"timestamp": "2026-04-28T14:21:31.728794", "event": "contract_event_published", "simulationTime": 43.0, "topic": "vehicle_task_submitted", "eventType": "vehicle_task_submitted", "eventId": "vehicle_task_submitted:V033-T0043-12"}
2026-04-28 14:21:35,767 | INFO | {"timestamp": "2026-04-28T14:21:33.742457", "event": "contract_event_published", "simulationTime": 43.0, "topic": "fog_decision_made", "eventType": "fog_decision_made", "eventId": "fog_decision_made:V033-T0043-12:2"}
2026-04-28 14:21:37,790 | INFO | {"timestamp": "2026-04-28T14:21:35.768265", "event": "contract_event_published", "simulationTime": 43.0, "topic": "fog_decision_made", "eventType": "fog_decision_made", "eventId": "fog_decision_made:V033-T0043-12:3"}
2026-04-28 14:21:39,813 | INFO | {"timestamp": "2026-04-28T14:21:37.791190", "event": "contract_event_published", "simulationTime": 43.0, "topic": "fog_decision_made", "eventType": "fog_decision_made", "eventId": "fog_decision_made:V033-T0043-12:4"}
2026-04-28 14:21:45,898 | INFO | {"timestamp": "2026-04-28T14:21:43.873163", "event": "contract_event_published", "simulationTime": 43.0, "topic": "task_completed", "eventType": "task_completed", "eventId": "task_completed:V033-T0043-12"}
2026-04-28 14:21:47,924 | INFO | {"timestamp": "2026-04-28T14:21:45.898868", "event": "contract_event_published", "simulationTime": 43.0, "topic": "vehicle_task_submitted", "eventType": "vehicle_task_submitted", "eventId": "vehicle_task_submitted:V024-T0043-13"}
2026-04-28 14:21:49,948 | INFO | {"timestamp": "2026-04-28T14:21:47.925100", "event": "contract_event_published", "simulationTime": 43.0, "topic": "fog_decision_made", "eventType": "fog_decision_made", "eventId": "fog_decision_made:V024-T0043-13:2"}
2026-04-28 14:21:51,972 | INFO | {"timestamp": "2026-04-28T14:21:49.949928", "event": "contract_event_published", "simulationTime": 43.0, "topic": "fog_decision_made", "eventType": "fog_decision_made", "eventId": "fog_decision_made:V024-T0043-13:3"}
2026-04-28 14:21:54,003 | INFO | {"timestamp": "2026-04-28T14:21:51.972951", "event": "contract_event_published", "simulationTime": 43.0, "topic": "fog_decision_made", "eventType": "fog_decision_made", "eventId": "fog_decision_made:V024-T0043-13:4"}
2026-04-28 14:22:00,090 | INFO | {"timestamp": "2026-04-28T14:21:58.073947", "event": "contract_event_published", "simulationTime": 43.0, "topic": "task_completed", "eventType": "task_completed", "eventId": "task_completed:V024-T0043-13"}
2026-04-28 14:22:02,095 | INFO | {"timestamp": "2026-04-28T14:22:00.090927", "event": "contract_event_published", "simulationTime": 43.0, "topic": "vehicle_task_submitted", "eventType": "vehicle_task_submitted", "eventId": "vehicle_task_submitted:V004-T0043-14"}
2026-04-28 14:22:04,114 | INFO | {"timestamp": "2026-04-28T14:22:02.095468", "event": "contract_event_published", "simulationTime": 43.0, "topic": "fog_decision_made", "eventType": "fog_decision_made", "eventId": "fog_decision_made:V004-T0043-14:2"}
2026-04-28 14:22:06,124 | INFO | {"timestamp": "2026-04-28T14:22:04.115244", "event": "contract_event_published", "simulationTime": 43.0, "topic": "fog_decision_made", "eventType": "fog_decision_made", "eventId": "fog_decision_made:V004-T0043-14:3"}
2026-04-28 14:22:08,142 | INFO | {"timestamp": "2026-04-28T14:22:06.125268", "event": "contract_event_published", "simulationTime": 43.0, "topic": "fog_decision_made", "eventType": "fog_decision_made", "eventId": "fog_decision_made:V004-T0043-14:4"}
2026-04-28 14:22:14,214 | INFO | {"timestamp": "2026-04-28T14:22:12.194985", "event": "contract_event_published", "simulationTime": 43.0, "topic": "task_completed", "eventType": "task_completed", "eventId": "task_completed:V004-T0043-14"}
2026-04-28 14:22:16,221 | INFO | {"timestamp": "2026-04-28T14:22:14.215141", "event": "contract_event_published", "simulationTime": 43.0, "topic": "vehicle_task_submitted", "eventType": "vehicle_task_submitted", "eventId": "vehicle_task_submitted:V023-T0043-15"}
2026-04-28 14:22:18,237 | INFO | {"timestamp": "2026-04-28T14:22:16.222180", "event": "contract_event_published", "simulationTime": 43.0, "topic": "fog_decision_made", "eventType": "fog_decision_made", "eventId": "fog_decision_made:V023-T0043-15:2"}
2026-04-28 14:22:20,253 | INFO | {"timestamp": "2026-04-28T14:22:18.238537", "event": "contract_event_published", "simulationTime": 43.0, "topic": "handoff_triggered", "eventType": "handoff_triggered", "eventId": "handoff_triggered:V023-T0043-15:2"}
2026-04-28 14:22:22,283 | INFO | {"timestamp": "2026-04-28T14:22:20.254034", "event": "contract_event_published", "simulationTime": 43.0, "topic": "fog_decision_made", "eventType": "fog_decision_made", "eventId": "fog_decision_made:V023-T0043-15:3"}
2026-04-28 14:22:24,290 | INFO | {"timestamp": "2026-04-28T14:22:22.284119", "event": "contract_event_published", "simulationTime": 43.0, "topic": "fog_decision_made", "eventType": "fog_decision_made", "eventId": "fog_decision_made:V023-T0043-15:4"}
2026-04-28 14:22:26,296 | INFO | {"timestamp": "2026-04-28T14:22:24.291347", "event": "contract_event_published", "simulationTime": 43.0, "topic": "cloud_forwarded", "eventType": "cloud_forwarded", "eventId": "cloud_forwarded:V023-T0043-15-S4"}
2026-04-28 14:22:32,381 | INFO | {"timestamp": "2026-04-28T14:22:30.359976", "event": "contract_event_published", "simulationTime": 43.0, "topic": "task_completed", "eventType": "task_completed", "eventId": "task_completed:V023-T0043-15"}
2026-04-28 14:22:34,390 | INFO | {"timestamp": "2026-04-28T14:22:32.382238", "event": "contract_event_published", "simulationTime": 43.0, "topic": "vehicle_task_submitted", "eventType": "vehicle_task_submitted", "eventId": "vehicle_task_submitted:V041-T0043-16"}
2026-04-28 14:22:36,413 | INFO | {"timestamp": "2026-04-28T14:22:34.390854", "event": "contract_event_published", "simulationTime": 43.0, "topic": "fog_decision_made", "eventType": "fog_decision_made", "eventId": "fog_decision_made:V041-T0043-16:2"}
2026-04-28 14:22:38,430 | INFO | {"timestamp": "2026-04-28T14:22:36.413600", "event": "contract_event_published", "simulationTime": 43.0, "topic": "handoff_triggered", "eventType": "handoff_triggered", "eventId": "handoff_triggered:V041-T0043-16:2"}
2026-04-28 14:22:40,445 | INFO | {"timestamp": "2026-04-28T14:22:38.430671", "event": "contract_event_published", "simulationTime": 43.0, "topic": "fog_decision_made", "eventType": "fog_decision_made", "eventId": "fog_decision_made:V041-T0043-16:3"}
2026-04-28 14:22:42,448 | INFO | {"timestamp": "2026-04-28T14:22:40.445767", "event": "contract_event_published", "simulationTime": 43.0, "topic": "fog_decision_made", "eventType": "fog_decision_made", "eventId": "fog_decision_made:V041-T0043-16:4"}
2026-04-28 14:22:44,457 | INFO | {"timestamp": "2026-04-28T14:22:42.449112", "event": "contract_event_published", "simulationTime": 43.0, "topic": "cloud_forwarded", "eventType": "cloud_forwarded", "eventId": "cloud_forwarded:V041-T0043-16-S4"}
2026-04-28 14:22:50,672 | INFO | {"timestamp": "2026-04-28T14:22:48.656781", "event": "contract_event_published", "simulationTime": 43.0, "topic": "task_completed", "eventType": "task_completed", "eventId": "task_completed:V041-T0043-16"}
2026-04-28 14:22:52,686 | INFO | {"timestamp": "2026-04-28T14:22:50.673214", "event": "contract_event_published", "simulationTime": 43.0, "topic": "vehicle_task_submitted", "eventType": "vehicle_task_submitted", "eventId": "vehicle_task_submitted:V037-T0043-17"}
2026-04-28 14:22:54,696 | INFO | {"timestamp": "2026-04-28T14:22:52.686481", "event": "contract_event_published", "simulationTime": 43.0, "topic": "fog_decision_made", "eventType": "fog_decision_made", "eventId": "fog_decision_made:V037-T0043-17:2"}
2026-04-28 14:22:56,715 | INFO | {"timestamp": "2026-04-28T14:22:54.696937", "event": "contract_event_published", "simulationTime": 43.0, "topic": "fog_decision_made", "eventType": "fog_decision_made", "eventId": "fog_decision_made:V037-T0043-17:3"}
2026-04-28 14:22:58,738 | INFO | {"timestamp": "2026-04-28T14:22:56.716663", "event": "contract_event_published", "simulationTime": 43.0, "topic": "fog_decision_made", "eventType": "fog_decision_made", "eventId": "fog_decision_made:V037-T0043-17:4"}
2026-04-28 14:23:04,794 | INFO | {"timestamp": "2026-04-28T14:23:02.779314", "event": "contract_event_published", "simulationTime": 43.0, "topic": "task_completed", "eventType": "task_completed", "eventId": "task_completed:V037-T0043-17"}
2026-04-28 14:23:06,800 | INFO | {"timestamp": "2026-04-28T14:23:04.795003", "event": "contract_event_published", "simulationTime": 43.0, "topic": "vehicle_task_submitted", "eventType": "vehicle_task_submitted", "eventId": "vehicle_task_submitted:V022-T0043-18"}
2026-04-28 14:23:08,812 | INFO | {"timestamp": "2026-04-28T14:23:06.801052", "event": "contract_event_published", "simulationTime": 43.0, "topic": "fog_decision_made", "eventType": "fog_decision_made", "eventId": "fog_decision_made:V022-T0043-18:2"}
2026-04-28 14:23:10,828 | INFO | {"timestamp": "2026-04-28T14:23:08.813209", "event": "contract_event_published", "simulationTime": 43.0, "topic": "handoff_triggered", "eventType": "handoff_triggered", "eventId": "handoff_triggered:V022-T0043-18:2"}
2026-04-28 14:23:12,836 | INFO | {"timestamp": "2026-04-28T14:23:10.828893", "event": "contract_event_published", "simulationTime": 43.0, "topic": "fog_decision_made", "eventType": "fog_decision_made", "eventId": "fog_decision_made:V022-T0043-18:3"}
2026-04-28 14:23:14,846 | INFO | {"timestamp": "2026-04-28T14:23:12.837011", "event": "contract_event_published", "simulationTime": 43.0, "topic": "handoff_triggered", "eventType": "handoff_triggered", "eventId": "handoff_triggered:V022-T0043-18:3"}
2026-04-28 14:23:16,864 | INFO | {"timestamp": "2026-04-28T14:23:14.846701", "event": "contract_event_published", "simulationTime": 43.0, "topic": "fog_decision_made", "eventType": "fog_decision_made", "eventId": "fog_decision_made:V022-T0043-18:4"}
2026-04-28 14:23:18,878 | INFO | {"timestamp": "2026-04-28T14:23:16.865659", "event": "contract_event_published", "simulationTime": 43.0, "topic": "cloud_forwarded", "eventType": "cloud_forwarded", "eventId": "cloud_forwarded:V022-T0043-18-S4"}
2026-04-28 14:23:24,934 | INFO | {"timestamp": "2026-04-28T14:23:22.929291", "event": "contract_event_published", "simulationTime": 43.0, "topic": "task_completed", "eventType": "task_completed", "eventId": "task_completed:V022-T0043-18"}
2026-04-28 14:23:26,942 | INFO | {"timestamp": "2026-04-28T14:23:24.934815", "event": "contract_event_published", "simulationTime": 43.0, "topic": "vehicle_task_submitted", "eventType": "vehicle_task_submitted", "eventId": "vehicle_task_submitted:V042-T0043-19"}
2026-04-28 14:23:28,952 | INFO | {"timestamp": "2026-04-28T14:23:26.942970", "event": "contract_event_published", "simulationTime": 43.0, "topic": "fog_decision_made", "eventType": "fog_decision_made", "eventId": "fog_decision_made:V042-T0043-19:2"}
2026-04-28 14:23:30,960 | INFO | {"timestamp": "2026-04-28T14:23:28.953133", "event": "contract_event_published", "simulationTime": 43.0, "topic": "handoff_triggered", "eventType": "handoff_triggered", "eventId": "handoff_triggered:V042-T0043-19:2"}
2026-04-28 14:23:32,969 | INFO | {"timestamp": "2026-04-28T14:23:30.960888", "event": "contract_event_published", "simulationTime": 43.0, "topic": "fog_decision_made", "eventType": "fog_decision_made", "eventId": "fog_decision_made:V042-T0043-19:3"}
2026-04-28 14:23:34,980 | INFO | {"timestamp": "2026-04-28T14:23:32.970028", "event": "contract_event_published", "simulationTime": 43.0, "topic": "fog_decision_made", "eventType": "fog_decision_made", "eventId": "fog_decision_made:V042-T0043-19:4"}
2026-04-28 14:23:36,999 | INFO | {"timestamp": "2026-04-28T14:23:34.981609", "event": "contract_event_published", "simulationTime": 43.0, "topic": "cloud_forwarded", "eventType": "cloud_forwarded", "eventId": "cloud_forwarded:V042-T0043-19-S4"}
2026-04-28 14:23:45,096 | INFO | {"timestamp": "2026-04-28T14:23:43.075556", "event": "contract_event_published", "simulationTime": 43.0, "topic": "task_completed", "eventType": "task_completed", "eventId": "task_completed:V042-T0043-19"}
2026-04-28 14:23:47,106 | INFO | {"timestamp": "2026-04-28T14:23:45.096945", "event": "contract_event_published", "simulationTime": 43.0, "topic": "vehicle_task_submitted", "eventType": "vehicle_task_submitted", "eventId": "vehicle_task_submitted:V048-T0043-20"}
2026-04-28 14:23:49,128 | INFO | {"timestamp": "2026-04-28T14:23:47.107088", "event": "contract_event_published", "simulationTime": 43.0, "topic": "fog_decision_made", "eventType": "fog_decision_made", "eventId": "fog_decision_made:V048-T0043-20:2"}
2026-04-28 14:23:51,137 | INFO | {"timestamp": "2026-04-28T14:23:49.129191", "event": "contract_event_published", "simulationTime": 43.0, "topic": "fog_decision_made", "eventType": "fog_decision_made", "eventId": "fog_decision_made:V048-T0043-20:3"}
2026-04-28 14:23:53,146 | INFO | {"timestamp": "2026-04-28T14:23:51.138302", "event": "contract_event_published", "simulationTime": 43.0, "topic": "fog_decision_made", "eventType": "fog_decision_made", "eventId": "fog_decision_made:V048-T0043-20:4"}
2026-04-28 14:23:59,212 | INFO | {"timestamp": "2026-04-28T14:23:57.190853", "event": "contract_event_published", "simulationTime": 43.0, "topic": "task_completed", "eventType": "task_completed", "eventId": "task_completed:V048-T0043-20"}
2026-04-28 14:24:01,228 | INFO | {"timestamp": "2026-04-28T14:23:59.212452", "event": "contract_event_published", "simulationTime": 43.0, "topic": "vehicle_task_submitted", "eventType": "vehicle_task_submitted", "eventId": "vehicle_task_submitted:V044-T0043-21"}
2026-04-28 14:24:03,248 | INFO | {"timestamp": "2026-04-28T14:24:01.228542", "event": "contract_event_published", "simulationTime": 43.0, "topic": "fog_decision_made", "eventType": "fog_decision_made", "eventId": "fog_decision_made:V044-T0043-21:2"}
2026-04-28 14:24:05,259 | INFO | {"timestamp": "2026-04-28T14:24:03.249415", "event": "contract_event_published", "simulationTime": 43.0, "topic": "handoff_triggered", "eventType": "handoff_triggered", "eventId": "handoff_triggered:V044-T0043-21:2"}
2026-04-28 14:24:07,280 | INFO | {"timestamp": "2026-04-28T14:24:05.259929", "event": "contract_event_published", "simulationTime": 43.0, "topic": "fog_decision_made", "eventType": "fog_decision_made", "eventId": "fog_decision_made:V044-T0043-21:3"}
2026-04-28 14:24:09,298 | INFO | {"timestamp": "2026-04-28T14:24:07.281640", "event": "contract_event_published", "simulationTime": 43.0, "topic": "handoff_triggered", "eventType": "handoff_triggered", "eventId": "handoff_triggered:V044-T0043-21:3"}
2026-04-28 14:24:11,319 | INFO | {"timestamp": "2026-04-28T14:24:09.298509", "event": "contract_event_published", "simulationTime": 43.0, "topic": "fog_decision_made", "eventType": "fog_decision_made", "eventId": "fog_decision_made:V044-T0043-21:4"}
2026-04-28 14:24:13,332 | INFO | {"timestamp": "2026-04-28T14:24:11.320623", "event": "contract_event_published", "simulationTime": 43.0, "topic": "cloud_forwarded", "eventType": "cloud_forwarded", "eventId": "cloud_forwarded:V044-T0043-21-S4"}
2026-04-28 14:24:15,337 | INFO | {"timestamp": "2026-04-28T14:24:11.397412", "event": "retraining_started", "simulationTime": 43.0}
2026-04-28 14:24:17,357 | INFO | {"timestamp": "2026-04-28T14:24:11.397465", "event": "retraining_triggered", "simulationTime": 43.0}
2026-04-28 14:24:21,389 | INFO | {"timestamp": "2026-04-28T14:24:17.248585", "event": "retraining_completed", "simulationTime": 43.0, "batch_count": 1}
2026-04-28 14:24:25,424 | INFO | {"timestamp": "2026-04-28T14:24:23.402324", "event": "contract_event_published", "simulationTime": 43.0, "topic": "task_completed", "eventType": "task_completed", "eventId": "task_completed:V044-T0043-21"}
2026-04-28 14:24:27,432 | INFO | {"timestamp": "2026-04-28T14:24:25.424538", "event": "contract_event_published", "simulationTime": 43.0, "topic": "vehicle_task_submitted", "eventType": "vehicle_task_submitted", "eventId": "vehicle_task_submitted:V035-T0043-22"}
2026-04-28 14:24:29,439 | INFO | {"timestamp": "2026-04-28T14:24:27.432478", "event": "contract_event_published", "simulationTime": 43.0, "topic": "fog_decision_made", "eventType": "fog_decision_made", "eventId": "fog_decision_made:V035-T0043-22:2"}
2026-04-28 14:24:31,446 | INFO | {"timestamp": "2026-04-28T14:24:29.440766", "event": "contract_event_published", "simulationTime": 43.0, "topic": "fog_decision_made", "eventType": "fog_decision_made", "eventId": "fog_decision_made:V035-T0043-22:3"}
2026-04-28 14:24:33,468 | INFO | {"timestamp": "2026-04-28T14:24:31.446953", "event": "contract_event_published", "simulationTime": 43.0, "topic": "fog_decision_made", "eventType": "fog_decision_made", "eventId": "fog_decision_made:V035-T0043-22:4"}
2026-04-28 14:24:35,487 | INFO | {"timestamp": "2026-04-28T14:24:33.469041", "event": "contract_event_published", "simulationTime": 43.0, "topic": "cloud_forwarded", "eventType": "cloud_forwarded", "eventId": "cloud_forwarded:V035-T0043-22-S4"}
2026-04-28 14:24:41,541 | INFO | {"timestamp": "2026-04-28T14:24:39.532295", "event": "contract_event_published", "simulationTime": 43.0, "topic": "task_completed", "eventType": "task_completed", "eventId": "task_completed:V035-T0043-22"}
2026-04-28 14:24:43,547 | INFO | {"timestamp": "2026-04-28T14:24:41.541600", "event": "contract_event_published", "simulationTime": 43.0, "topic": "vehicle_task_submitted", "eventType": "vehicle_task_submitted", "eventId": "vehicle_task_submitted:V040-T0043-23"}
2026-04-28 14:24:45,554 | INFO | {"timestamp": "2026-04-28T14:24:43.547328", "event": "contract_event_published", "simulationTime": 43.0, "topic": "fog_decision_made", "eventType": "fog_decision_made", "eventId": "fog_decision_made:V040-T0043-23:2"}
2026-04-28 14:24:47,572 | INFO | {"timestamp": "2026-04-28T14:24:45.555786", "event": "contract_event_published", "simulationTime": 43.0, "topic": "fog_decision_made", "eventType": "fog_decision_made", "eventId": "fog_decision_made:V040-T0043-23:3"}
2026-04-28 14:24:49,582 | INFO | {"timestamp": "2026-04-28T14:24:47.573888", "event": "contract_event_published", "simulationTime": 43.0, "topic": "fog_decision_made", "eventType": "fog_decision_made", "eventId": "fog_decision_made:V040-T0043-23:4"}
2026-04-28 14:24:55,643 | INFO | {"timestamp": "2026-04-28T14:24:53.625779", "event": "contract_event_published", "simulationTime": 43.0, "topic": "task_completed", "eventType": "task_completed", "eventId": "task_completed:V040-T0043-23"}
2026-04-28 14:24:57,676 | INFO | {"timestamp": "2026-04-28T14:24:55.643731", "event": "contract_event_published", "simulationTime": 43.0, "topic": "vehicle_task_submitted", "eventType": "vehicle_task_submitted", "eventId": "vehicle_task_submitted:V000-T0043-24"}
2026-04-28 14:24:59,690 | INFO | {"timestamp": "2026-04-28T14:24:57.676450", "event": "contract_event_published", "simulationTime": 43.0, "topic": "fog_decision_made", "eventType": "fog_decision_made", "eventId": "fog_decision_made:V000-T0043-24:2"}
2026-04-28 14:25:01,710 | INFO | {"timestamp": "2026-04-28T14:24:59.691666", "event": "contract_event_published", "simulationTime": 43.0, "topic": "fog_decision_made", "eventType": "fog_decision_made", "eventId": "fog_decision_made:V000-T0043-24:3"}
2026-04-28 14:25:03,730 | INFO | {"timestamp": "2026-04-28T14:25:01.711812", "event": "contract_event_published", "simulationTime": 43.0, "topic": "fog_decision_made", "eventType": "fog_decision_made", "eventId": "fog_decision_made:V000-T0043-24:4"}
2026-04-28 14:25:05,737 | INFO | {"timestamp": "2026-04-28T14:25:03.731306", "event": "contract_event_published", "simulationTime": 43.0, "topic": "cloud_forwarded", "eventType": "cloud_forwarded", "eventId": "cloud_forwarded:V000-T0043-24-S4"}
2026-04-28 14:25:11,811 | INFO | {"timestamp": "2026-04-28T14:25:09.793470", "event": "contract_event_published", "simulationTime": 43.0, "topic": "task_completed", "eventType": "task_completed", "eventId": "task_completed:V000-T0043-24"}
2026-04-28 14:25:13,815 | INFO | {"timestamp": "2026-04-28T14:25:11.811917", "event": "contract_event_published", "simulationTime": 43.0, "topic": "vehicle_task_submitted", "eventType": "vehicle_task_submitted", "eventId": "vehicle_task_submitted:V012-T0043-25"}
2026-04-28 14:25:15,832 | INFO | {"timestamp": "2026-04-28T14:25:13.815691", "event": "contract_event_published", "simulationTime": 43.0, "topic": "fog_decision_made", "eventType": "fog_decision_made", "eventId": "fog_decision_made:V012-T0043-25:2"}
2026-04-28 14:25:17,841 | INFO | {"timestamp": "2026-04-28T14:25:15.834247", "event": "contract_event_published", "simulationTime": 43.0, "topic": "fog_decision_made", "eventType": "fog_decision_made", "eventId": "fog_decision_made:V012-T0043-25:3"}
2026-04-28 14:25:19,866 | INFO | {"timestamp": "2026-04-28T14:25:17.842772", "event": "contract_event_published", "simulationTime": 43.0, "topic": "fog_decision_made", "eventType": "fog_decision_made", "eventId": "fog_decision_made:V012-T0043-25:4"}
2026-04-28 14:25:21,882 | INFO | {"timestamp": "2026-04-28T14:25:19.867192", "event": "contract_event_published", "simulationTime": 43.0, "topic": "cloud_forwarded", "eventType": "cloud_forwarded", "eventId": "cloud_forwarded:V012-T0043-25-S4"}
2026-04-28 14:25:27,937 | INFO | {"timestamp": "2026-04-28T14:25:25.927493", "event": "contract_event_published", "simulationTime": 43.0, "topic": "task_completed", "eventType": "task_completed", "eventId": "task_completed:V012-T0043-25"}
2026-04-28 14:25:29,951 | INFO | {"timestamp": "2026-04-28T14:25:27.937370", "event": "contract_event_published", "simulationTime": 43.0, "topic": "vehicle_task_submitted", "eventType": "vehicle_task_submitted", "eventId": "vehicle_task_submitted:V029-T0043-26"}
2026-04-28 14:25:31,960 | WARNING | {"timestamp": "2026-04-28T14:25:28.724726", "event": "simulation_stopped", "simulationTime": 43.0}
2026-04-28 14:25:33,966 | INFO | {"timestamp": "2026-04-28T14:25:29.951683", "event": "contract_event_published", "simulationTime": 43.0, "topic": "fog_decision_made", "eventType": "fog_decision_made", "eventId": "fog_decision_made:V029-T0043-26:2"}
2026-04-28 14:25:35,987 | INFO | {"timestamp": "2026-04-28T14:25:32.667495", "event": "contract_event_published", "simulationTime": 44.0, "topic": "vehicle_task_submitted", "eventType": "vehicle_task_submitted", "eventId": "vehicle_task_submitted:V030-T0044-00"}
2026-04-28 14:25:38,004 | INFO | {"timestamp": "2026-04-28T14:25:32.667564", "event": "simulation_started", "simulationTime": 44.0, "system_type": "proposed"}
2026-04-28 14:25:40,024 | INFO | {"timestamp": "2026-04-28T14:25:33.967581", "event": "contract_event_published", "simulationTime": 44.0, "topic": "fog_decision_made", "eventType": "fog_decision_made", "eventId": "fog_decision_made:V029-T0043-26:3"}
2026-04-28 14:25:42,030 | INFO | {"timestamp": "2026-04-28T14:25:35.987482", "event": "contract_event_published", "simulationTime": 44.0, "topic": "fog_decision_made", "eventType": "fog_decision_made", "eventId": "fog_decision_made:V030-T0044-00:2"}
2026-04-28 14:25:44,041 | INFO | {"timestamp": "2026-04-28T14:25:40.025347", "event": "contract_event_published", "simulationTime": 44.0, "topic": "fog_decision_made", "eventType": "fog_decision_made", "eventId": "fog_decision_made:V029-T0043-26:4"}
2026-04-28 14:25:46,049 | INFO | {"timestamp": "2026-04-28T14:25:42.032317", "event": "contract_event_published", "simulationTime": 44.0, "topic": "handoff_triggered", "eventType": "handoff_triggered", "eventId": "handoff_triggered:V030-T0044-00:2"}
2026-04-28 14:25:50,069 | INFO | {"timestamp": "2026-04-28T14:25:46.050017", "event": "contract_event_published", "simulationTime": 44.0, "topic": "fog_decision_made", "eventType": "fog_decision_made", "eventId": "fog_decision_made:V030-T0044-00:3"}
2026-04-28 14:25:54,111 | INFO | {"timestamp": "2026-04-28T14:25:50.070874", "event": "contract_event_published", "simulationTime": 44.0, "topic": "fog_decision_made", "eventType": "fog_decision_made", "eventId": "fog_decision_made:V030-T0044-00:4"}
2026-04-28 14:25:56,120 | ERROR | {"timestamp": "2026-04-28T14:25:52.099869", "event": "simulation_failed", "simulationTime": 44.0, "error": "'tasks_total'"}
2026-04-28 14:25:58,133 | INFO | {"timestamp": "2026-04-28T14:25:54.112818", "event": "contract_event_published", "simulationTime": 44.0, "topic": "cloud_forwarded", "eventType": "cloud_forwarded", "eventId": "cloud_forwarded:V030-T0044-00-S4"}
2026-04-28 14:26:04,188 | ERROR | {"timestamp": "2026-04-28T14:26:02.179222", "event": "simulation_failed", "simulationTime": 44.0, "error": "'tasks_total'"}
